Unity Editor version:    2022.3.45f1 (a13dfa44d684)
Branch:                  2022.3/staging
Build type:              Release
Batch mode:              YES
macOS version:           Version 14.3 (Build 23D2057)
Darwin version:          23.3.0
Architecture:            arm64
Running under Rosetta:   NO
Available memory:        8192 MB
Using pre-set license
Pro License: YES

COMMAND LINE ARGUMENTS:
/Applications/Unity/Hub/Editor/2022.3.45f1/Unity.app/Contents/MacOS/Unity
-adb2
-batchMode
-noUpm
-name
AssetImportWorker5
-projectPath
/Users/caylie./Documents/Comp Sci/Testing/Testing/New Unity Project
-logFile
Logs/AssetImportWorker5.log
-srvPort
61828
Successfully changed project path to: /Users/caylie./Documents/Comp Sci/Testing/Testing/New Unity Project
/Users/caylie./Documents/Comp Sci/Testing/Testing/New Unity Project
[UnityMemory] Configuration Parameters - Can be set up in boot.config
    "memorysetup-bucket-allocator-granularity=16"
    "memorysetup-bucket-allocator-bucket-count=8"
    "memorysetup-bucket-allocator-block-size=33554432"
    "memorysetup-bucket-allocator-block-count=8"
    "memorysetup-main-allocator-block-size=16777216"
    "memorysetup-thread-allocator-block-size=16777216"
    "memorysetup-gfx-main-allocator-block-size=16777216"
    "memorysetup-gfx-thread-allocator-block-size=16777216"
    "memorysetup-cache-allocator-block-size=4194304"
    "memorysetup-typetree-allocator-block-size=2097152"
    "memorysetup-profiler-bucket-allocator-granularity=16"
    "memorysetup-profiler-bucket-allocator-bucket-count=8"
    "memorysetup-profiler-bucket-allocator-block-size=33554432"
    "memorysetup-profiler-bucket-allocator-block-count=8"
    "memorysetup-profiler-allocator-block-size=16777216"
    "memorysetup-profiler-editor-allocator-block-size=1048576"
    "memorysetup-temp-allocator-size-main=16777216"
    "memorysetup-job-temp-allocator-block-size=2097152"
    "memorysetup-job-temp-allocator-block-size-background=1048576"
    "memorysetup-job-temp-allocator-reduction-small-platforms=262144"
    "memorysetup-allocator-temp-initial-block-size-main=262144"
    "memorysetup-allocator-temp-initial-block-size-worker=262144"
    "memorysetup-temp-allocator-size-background-worker=32768"
    "memorysetup-temp-allocator-size-job-worker=262144"
    "memorysetup-temp-allocator-size-preload-manager=33554432"
    "memorysetup-temp-allocator-size-nav-mesh-worker=65536"
    "memorysetup-temp-allocator-size-audio-worker=65536"
    "memorysetup-temp-allocator-size-cloud-worker=32768"
    "memorysetup-temp-allocator-size-gi-baking-worker=262144"
    "memorysetup-temp-allocator-size-gfx=262144"
Player connection [8043535424]  Target information:

Player connection [8043535424]  * "[IP] 10.130.170.28 [Port] 0 [Flags] 2 [Guid] 3764210805 [EditorId] 3764210805 [Version] 1048832 [Id] OSXEditor(0,Caylies-Laptop.local) [Debug] 1 [PackageName] OSXEditor [ProjectName] Editor" 

Player connection [8043535424] Host joined multi-casting on [225.0.0.222:54997]...
Player connection [8043535424] Host joined alternative multi-casting on [225.0.0.222:34997]...
[PhysX] Initialized MultithreadedTaskDispatcher with 8 workers.
Refreshing native plugins compatible for Editor in 0.45 ms, found 0 plugins.
Preloading 0 native plugins for Editor in 0.00 ms.
Initialize engine version: 2022.3.45f1 (a13dfa44d684)
[Subsystems] Discovering subsystems at path /Applications/Unity/Hub/Editor/2022.3.45f1/Unity.app/Contents/Resources/UnitySubsystems
[Subsystems] Discovering subsystems at path /Users/caylie./Documents/Comp Sci/Testing/Testing/New Unity Project/Assets
GfxDevice: creating device client; threaded=0; jobified=0
 preferred device: Apple M3 (high power)
Metal devices available: 1
0: Apple M3 (high power)
Using device Apple M3 (high power)
Initializing Metal device caps: Apple M3
Initialize mono
Mono path[0] = '/Applications/Unity/Hub/Editor/2022.3.45f1/Unity.app/Contents/Managed'
Mono path[1] = '/Applications/Unity/Hub/Editor/2022.3.45f1/Unity.app/Contents/MonoBleedingEdge/lib/mono/unityjit-macos'
Mono config path = '/Applications/Unity/Hub/Editor/2022.3.45f1/Unity.app/Contents/MonoBleedingEdge/etc'
Using monoOptions --debugger-agent=transport=dt_socket,embedding=1,server=y,suspend=n,address=127.0.0.1:56287
Begin MonoManager ReloadAssembly
Registering precompiled unity dll's ...
Register platform support module: /Applications/Unity/Hub/Editor/2022.3.45f1/PlaybackEngines/WebGLSupport/UnityEditor.WebGL.Extensions.dll
Register platform support module: /Applications/Unity/Hub/Editor/2022.3.45f1/Unity.app/Contents/PlaybackEngines/MacStandaloneSupport/UnityEditor.OSXStandalone.Extensions.dll
Registered in 0.002881 seconds.
- Loaded All Assemblies, in  0.223 seconds
Native extension for OSXStandalone target not found
Native extension for WebGL target not found
Mono: successfully reloaded assembly
- Finished resetting the current domain, in  0.128 seconds
Domain Reload Profiling: 351ms
	BeginReloadAssembly (77ms)
		ExecutionOrderSort (0ms)
		DisableScriptedObjects (0ms)
		BackupInstance (0ms)
		ReleaseScriptingObjects (0ms)
		CreateAndSetChildDomain (1ms)
	RebuildCommonClasses (25ms)
	RebuildNativeTypeToScriptingClass (6ms)
	initialDomainReloadingComplete (29ms)
	LoadAllAssembliesAndSetupDomain (86ms)
		LoadAssemblies (77ms)
		RebuildTransferFunctionScriptingTraits (0ms)
		AnalyzeDomain (83ms)
			TypeCache.Refresh (82ms)
				TypeCache.ScanAssembly (71ms)
			ScanForSourceGeneratedMonoScriptInfo (0ms)
			ResolveRequiredComponents (1ms)
	FinalizeReload (129ms)
		ReleaseScriptCaches (0ms)
		RebuildScriptCaches (0ms)
		SetupLoadedEditorAssemblies (106ms)
			LogAssemblyErrors (0ms)
			InitializePlatformSupportModulesInManaged (5ms)
			SetLoadedEditorAssemblies (3ms)
			RefreshPlugins (0ms)
			BeforeProcessingInitializeOnLoad (1ms)
			ProcessInitializeOnLoadAttributes (74ms)
			ProcessInitializeOnLoadMethodAttributes (24ms)
			AfterProcessingInitializeOnLoad (0ms)
			EditorAssembliesLoaded (0ms)
		ExecutionOrderSort2 (0ms)
		AwakeInstancesAfterBackupRestoration (0ms)
Assertion failed on expression: 'IsFileCreated(assemblyPath)'
Assertion failed on expression: 'IsFileCreated(assemblyPath)'
Assertion failed on expression: 'IsFileCreated(assemblyPath)'
Assertion failed on expression: 'IsFileCreated(assemblyPath)'
Assertion failed on expression: 'IsFileCreated(assemblyPath)'
Assertion failed on expression: 'IsFileCreated(assemblyPath)'
Assertion failed on expression: 'IsFileCreated(assemblyPath)'
Assertion failed on expression: 'IsFileCreated(assemblyPath)'
Assertion failed on expression: 'IsFileCreated(assemblyPath)'
Assertion failed on expression: 'IsFileCreated(assemblyPath)'
Assertion failed on expression: 'IsFileCreated(assemblyPath)'
Assertion failed on expression: 'IsFileCreated(assemblyPath)'
Assertion failed on expression: 'IsFileCreated(assemblyPath)'
Assertion failed on expression: 'IsFileCreated(assemblyPath)'
Compilation Pipeline: Could not read file Packages/com.unity.textmeshpro/Scripts/Runtime/Unity.TextMeshPro.asmdef
Fatal Error! Compilation Pipeline: Could not read file Packages/com.unity.textmeshpro/Scripts/Runtime/Unity.TextMeshPro.asmdef
Obtained 35 stack frames.
#0  0x00000188de60dc in __pthread_kill
#1  0x1b24000188d29a40 in abort
#2  0xbc6e800102d44734 in __cxx_global_var_init.3
#3  0x00000101951cbc in EditorMonoConsole::LogToConsoleImplementation(CppLogEntry&)
#4  0x0000010195190c in EditorMonoConsole::LogToConsoleImplementation(DebugStringToFileData const&)
#5  0x00000101953150 in LogToConsoleImplementation(DebugStringToFileData const&)
#6  0x000001026ca644 in DebugStringToFilePostprocessedStacktrace(DebugStringToFileData const&)
#7  0x000001026caf18 in DebugStringToFile(DebugStringToFileData const&)
#8  0x00000101e641a4 in RegisterAssemblyDefinition(core::basic_string<char, core::StringStorageDefault<char>> const&)
#9  0x00000102257560 in UpdateScriptCompilationPipelineCaches(ScriptChanges const&, bool)
#10 0x00000102257dc8 in WorkerInitializeAndProcessScriptChanges()
#11 0x00000101ae6b94 in Application::InitializeProject()
#12 0x00000102d508bc in -[EditorApplication applicationDidFinishLaunching:]
#13 0x00000188ef0500 in __CFNOTIFICATIONCENTER_IS_CALLING_OUT_TO_AN_OBSERVER__
#14 0x7e6a800188f8462c in ___CFXRegistrationPost_block_invoke
#15 0xcf68800188f84574 in _CFXRegistrationPost
#16 0xd80f800188ebf16c in _CFXNotificationPost
#17 0x8603000189fb3f50 in -[NSNotificationCenter postNotificationName:object:userInfo:]
#18 0x3e6700018c6e08ac in -[NSApplication _postDidFinishNotification]
#19 0x762f00018c6e065c in -[NSApplication _sendFinishLaunchingNotification]
#20 0x8f0e00018c6deba4 in -[NSApplication(NSAppleEventHandling) _handleAEOpenEvent:]
#21 0x556b00018c6de7a0 in -[NSApplication(NSAppleEventHandling) _handleCoreEvent:withReplyEvent:]
#22 0x2a25800189fdc374 in -[NSAppleEventManager dispatchRawAppleEvent:withRawReply:handlerRefCon:]
#23 0x713a000189fdc168 in _NSAppleEventManagerGenericHandler
#24 0xe37100018fe66dc0 in _AppleEventsCheckInAppWithBlock
#25 0x475900018fe666e8 in _AppleEventsCheckInAppWithBlock
#26 0x9a7280018fe5fcf8 in aeProcessAppleEvent
#27 0x28630001934d22d4 in AEProcessAppleEvent
#28 0xdc5e80018c6d91dc in _DPSNextEvent
#29 0x381c00018cec3eec in -[NSApplication(NSEventRouting) _nextEventMatchingEventMask:untilDate:inMode:dequeue:]
#30 0x8f4400018c6cc37c in -[NSApplication run]
#31 0x615000018c6a3640 in NSApplicationMain
#32 0x3772000102d6a904 in EditorMain(int, char const**)
#33 0x00000102d6ac68 in main
#34 0x00000188a9d0e0 in start
